Determining if the pthread_create exist failed with the following output:
Change Dir: /home/bastien/ros/sandbox/ps_ardrone/build/CMakeFiles/CMakeTmp

Run Build Command:/usr/bin/make "cmTryCompileExec4288684444/fast"
make[1]: entrant dans le répertoire « /home/bastien/ros/sandbox/ps_ardrone/build/CMakeFiles/CMakeTmp »
/usr/bin/make -f CMakeFiles/cmTryCompileExec4288684444.dir/build.make CMakeFiles/cmTryCompileExec4288684444.dir/build
make[2]: entrant dans le répertoire « /home/bastien/ros/sandbox/ps_ardrone/build/CMakeFiles/CMakeTmp »
/usr/bin/cmake -E cmake_progress_report /home/bastien/ros/sandbox/ps_ardrone/build/CMakeFiles/CMakeTmp/CMakeFiles 1
Building C object CMakeFiles/cmTryCompileExec4288684444.dir/CheckSymbolExists.c.o
/usr/bin/cc    -o CMakeFiles/cmTryCompileExec4288684444.dir/CheckSymbolExists.c.o   -c /home/bastien/ros/sandbox/ps_ardrone/build/CMakeFiles/CMakeTmp/CheckSymbolExists.c
Linking C executable cmTryCompileExec4288684444
/usr/bin/cmake -E cmake_link_script CMakeFiles/cmTryCompileExec4288684444.dir/link.txt --verbose=1
/usr/bin/cc         CMakeFiles/cmTryCompileExec4288684444.dir/CheckSymbolExists.c.o  -o cmTryCompileExec4288684444 -rdynamic 
CMakeFiles/cmTryCompileExec4288684444.dir/CheckSymbolExists.c.o: dans la fonction « main »:
CheckSymbolExists.c:(.text+0xa): référence indéfinie vers « pthread_create »
make[2]: quittant le répertoire « /home/bastien/ros/sandbox/ps_ardrone/build/CMakeFiles/CMakeTmp »
make[1]: quittant le répertoire « /home/bastien/ros/sandbox/ps_ardrone/build/CMakeFiles/CMakeTmp »
collect2: erreur: ld a retourné 1 code d'état d'exécution
make[2]: *** [cmTryCompileExec4288684444] Erreur 1
make[1]: *** [cmTryCompileExec4288684444/fast] Erreur 2

File /home/bastien/ros/sandbox/ps_ardrone/build/CMakeFiles/CMakeTmp/CheckSymbolExists.c:
/* */
#include <pthread.h>

int main(int argc, char** argv)
{
  (void)argv;
#ifndef pthread_create
  return ((int*)(&pthread_create))[argc];
#else
  (void)argc;
  return 0;
#endif
}

Determining if the function pthread_create exists in the pthreads failed with the following output:
Change Dir: /home/bastien/ros/sandbox/ps_ardrone/build/CMakeFiles/CMakeTmp

Run Build Command:/usr/bin/make "cmTryCompileExec3114609479/fast"
make[1]: entrant dans le répertoire « /home/bastien/ros/sandbox/ps_ardrone/build/CMakeFiles/CMakeTmp »
/usr/bin/make -f CMakeFiles/cmTryCompileExec3114609479.dir/build.make CMakeFiles/cmTryCompileExec3114609479.dir/build
make[2]: entrant dans le répertoire « /home/bastien/ros/sandbox/ps_ardrone/build/CMakeFiles/CMakeTmp »
/usr/bin/cmake -E cmake_progress_report /home/bastien/ros/sandbox/ps_ardrone/build/CMakeFiles/CMakeTmp/CMakeFiles 1
Building C object CMakeFiles/cmTryCompileExec3114609479.dir/CheckFunctionExists.c.o
/usr/bin/cc   -DCHECK_FUNCTION_EXISTS=pthread_create   -o CMakeFiles/cmTryCompileExec3114609479.dir/CheckFunctionExists.c.o   -c /usr/share/cmake-2.8/Modules/CheckFunctionExists.c
Linking C executable cmTryCompileExec3114609479
/usr/bin/cmake -E cmake_link_script CMakeFiles/cmTryCompileExec3114609479.dir/link.txt --verbose=1
/usr/bin/cc     -DCHECK_FUNCTION_EXISTS=pthread_create    CMakeFiles/cmTryCompileExec3114609479.dir/CheckFunctionExists.c.o  -o cmTryCompileExec3114609479 -rdynamic -lpthreads 
/usr/bin/ld: ne peut trouver -lpthreads
make[2]: quittant le répertoire « /home/bastien/ros/sandbox/ps_ardrone/build/CMakeFiles/CMakeTmp »
make[1]: quittant le répertoire « /home/bastien/ros/sandbox/ps_ardrone/build/CMakeFiles/CMakeTmp »
collect2: erreur: ld a retourné 1 code d'état d'exécution
make[2]: *** [cmTryCompileExec3114609479] Erreur 1
make[1]: *** [cmTryCompileExec3114609479/fast] Erreur 2


